<?xml version="1.0" encoding="UTF-8"?>
<testng-results skipped="0" failed="0" ignored="0" total="1" passed="1">
  <reporter-output>
    <line>
      <![CDATA[Setting up reports and Test is getting started]]>
    </line>
    <line>
      <![CDATA[Setting  done and Test get Started]]>
    </line>
    <line>
      <![CDATA[Setting up Browsers and app url]]>
    </line>
    <line>
      <![CDATA[Setting done and Browser has launched and Application is strat]]>
    </line>
    <line>
      <![CDATA[TestCase completed]]>
    </line>
    <line>
      <![CDATA[Test is about to end and creating report internally]]>
    </line>
    <line>
      <![CDATA[ Test Completed >>>Reports Generated]]>
    </line>
    <line>
      <![CDATA[Browser has closed]]>
    </line>
  </reporter-output>
  <suite name="Suite" duration-ms="47581" started-at="2021-05-17T07:26:36Z" finished-at="2021-05-17T07:27:23Z">
    <groups>
    </groups>
    <test name="Test" duration-ms="47581" started-at="2021-05-17T07:26:36Z" finished-at="2021-05-17T07:27:23Z">
      <class name="com.CRM.TestCases.LoginTestCRM">
        <test-method status="PASS" signature="setupSuite()[pri:0, instance:com.CRM.TestCases.LoginTestCRM@a7bc6e]" name="setupSuite" is-config="true" duration-ms="4379" started-at="2021-05-17T07:26:31Z" finished-at="2021-05-17T07:26:36Z">
          <reporter-output>
            <line>
              <![CDATA[Setting up reports and Test is getting started]]>
            </line>
            <line>
              <![CDATA[Setting  done and Test get Started]]>
            </line>
          </reporter-output>
        </test-method> <!-- setupSuite -->
        <test-method status="PASS" signature="setup()[pri:0, instance:com.CRM.TestCases.LoginTestCRM@a7bc6e]" name="setup" is-config="true" duration-ms="23861" started-at="2021-05-17T07:26:36Z" finished-at="2021-05-17T07:27:00Z">
          <reporter-output>
            <line>
              <![CDATA[Setting up Browsers and app url]]>
            </line>
            <line>
              <![CDATA[Setting done and Browser has launched and Application is strat]]>
            </line>
          </reporter-output>
        </test-method> <!-- setup -->
        <test-method status="PASS" signature="loginApp()[pri:0, instance:com.CRM.TestCases.LoginTestCRM@a7bc6e]" name="loginApp" duration-ms="19357" started-at="2021-05-17T07:27:00Z" finished-at="2021-05-17T07:27:20Z">
          <reporter-output>
            <line>
              <![CDATA[TestCase completed]]>
            </line>
          </reporter-output>
        </test-method> <!-- loginApp -->
        <test-method status="PASS" signature="teardownmethod(org.testng.ITestResult)[pri:0, instance:com.CRM.TestCases.LoginTestCRM@a7bc6e]" name="teardownmethod" is-config="true" duration-ms="2532" started-at="2021-05-17T07:27:20Z" finished-at="2021-05-17T07:27:22Z">
          <params>
            <param index="0">
              <value>
                <![CDATA[[TestResult name=loginApp status=SUCCESS method=LoginTestCRM.loginApp()[pri:0, instance:com.CRM.TestCases.LoginTestCRM@a7bc6e] output=TestCase completed]]]>
              </value>
            </param>
          </params>
          <reporter-output>
            <line>
              <![CDATA[Test is about to end and creating report internally]]>
            </line>
            <line>
              <![CDATA[ Test Completed >>>Reports Generated]]>
            </line>
          </reporter-output>
        </test-method> <!-- teardownmethod -->
        <test-method status="PASS" signature="teardown()[pri:0, instance:com.CRM.TestCases.LoginTestCRM@a7bc6e]" name="teardown" is-config="true" duration-ms="1171" started-at="2021-05-17T07:27:22Z" finished-at="2021-05-17T07:27:23Z">
          <reporter-output>
            <line>
              <![CDATA[Browser has closed]]>
            </line>
          </reporter-output>
        </test-method> <!-- teardown -->
      </class> <!-- com.CRM.TestCases.LoginTestCRM -->
    </test> <!-- Test -->
  </suite> <!-- Suite -->
</testng-results>
